# JRE version: Java(TM) SE Runtime Environment (8.0_111-b14) (build 1.8.0_111-b14)
# Java VM: Java HotSpot(TM) 64-Bit Server VM (25.111-b14 mixed mode windows-amd64 compressed oops)
Heap:
 PSYoungGen      total 84480K, used 40528K [0x000000076ae00000, 0x0000000770f80000, 0x00000007c0000000)
  eden space 83968K, 48% used [0x000000076ae00000,0x000000076d56c088,0x0000000770000000)
  from space 512K, 31% used [0x0000000770f00000,0x0000000770f28000,0x0000000770f80000)
  to   space 1536K, 0% used [0x0000000770c80000,0x0000000770c80000,0x0000000770e00000)
 ParOldGen       total 199680K, used 37327K [0x00000006c0a00000, 0x00000006ccd00000, 0x000000076ae00000)
  object space 199680K, 18% used [0x00000006c0a00000,0x00000006c2e73db0,0x00000006ccd00000)
 Metaspace       used 17722K, capacity 17888K, committed 18176K, reserved 1064960K
  class space    used 1631K, capacity 1688K, committed 1792K, reserved 1048576K
GC Heap History (10 events):
Event: 17.729 GC heap before
{Heap before GC invocations=55 (full 1):
 PSYoungGen      total 98304K, used 89843K [0x000000076ae00000, 0x0000000771480000, 0x00000007c0000000)
  eden space 95744K, 93% used [0x000000076ae00000,0x0000000770594d78,0x0000000770b80000)
  from space 2560K, 6% used [0x0000000770f80000,0x0000000770fa8000,0x0000000771200000)
  to   space 2560K, 0% used [0x0000000771200000,0x0000000771200000,0x0000000771480000)
 ParOldGen       total 199680K, used 37303K [0x00000006c0a00000, 0x00000006ccd00000, 0x000000076ae00000)
  object space 199680K, 18% used [0x00000006c0a00000,0x00000006c2e6ddb0,0x00000006ccd00000)
 Metaspace       used 17708K, capacity 17888K, committed 18176K, reserved 1064960K
  class space    used 1631K, capacity 1688K, committed 1792K, reserved 1048576K
Event: 17.730 GC heap after
Heap after GC invocations=55 (full 1):
 PSYoungGen      total 93696K, used 128K [0x000000076ae00000, 0x0000000771280000, 0x00000007c0000000)
  eden space 93184K, 0% used [0x000000076ae00000,0x000000076ae00000,0x0000000770900000)
  from space 512K, 25% used [0x0000000771200000,0x0000000771220000,0x0000000771280000)
  to   space 2560K, 0% used [0x0000000770d80000,0x0000000770d80000,0x0000000771000000)
 ParOldGen       total 199680K, used 37303K [0x00000006c0a00000, 0x00000006ccd00000, 0x000000076ae00000)
  object space 199680K, 18% used [0x00000006c0a00000,0x00000006c2e6ddb0,0x00000006ccd00000)
 Metaspace       used 17708K, capacity 17888K, committed 18176K, reserved 1064960K
  class space    used 1631K, capacity 1688K, committed 1792K, reserved 1048576K
}
Event: 17.834 GC heap before
{Heap before GC invocations=56 (full 1):
 PSYoungGen      total 93696K, used 89763K [0x000000076ae00000, 0x0000000771280000, 0x00000007c0000000)
  eden space 93184K, 96% used [0x000000076ae00000,0x0000000770588db0,0x0000000770900000)
  from space 512K, 25% used [0x0000000771200000,0x0000000771220000,0x0000000771280000)
  to   space 2560K, 0% used [0x0000000770d80000,0x0000000770d80000,0x0000000771000000)
 ParOldGen       total 199680K, used 37303K [0x00000006c0a00000, 0x00000006ccd00000, 0x000000076ae00000)
  object space 199680K, 18% used [0x00000006c0a00000,0x00000006c2e6ddb0,0x00000006ccd00000)
 Metaspace       used 17708K, capacity 17888K, committed 18176K, reserved 1064960K
  class space    used 1631K, capacity 1688K, committed 1792K, reserved 1048576K
Event: 17.835 GC heap after
Heap after GC invocations=56 (full 1):
 PSYoungGen      total 93184K, used 160K [0x000000076ae00000, 0x0000000771280000, 0x00000007c0000000)
  eden space 90624K, 0% used [0x000000076ae00000,0x000000076ae00000,0x0000000770680000)
  from space 2560K, 6% used [0x0000000770d80000,0x0000000770da8000,0x0000000771000000)
  to   space 2048K, 0% used [0x0000000771080000,0x0000000771080000,0x0000000771280000)
 ParOldGen       total 199680K, used 37303K [0x00000006c0a00000, 0x00000006ccd00000, 0x000000076ae00000)
  object space 199680K, 18% used [0x00000006c0a00000,0x00000006c2e6ddb0,0x00000006ccd00000)
 Metaspace       used 17708K, capacity 17888K, committed 18176K, reserved 1064960K
  class space    used 1631K, capacity 1688K, committed 1792K, reserved 1048576K
}
Event: 17.981 GC heap before
{Heap before GC invocations=57 (full 1):
 PSYoungGen      total 93184K, used 89747K [0x000000076ae00000, 0x0000000771280000, 0x00000007c0000000)
  eden space 90624K, 98% used [0x000000076ae00000,0x000000077057cef8,0x0000000770680000)
  from space 2560K, 6% used [0x0000000770d80000,0x0000000770da8000,0x0000000771000000)
  to   space 2048K, 0% used [0x0000000771080000,0x0000000771080000,0x0000000771280000)
 ParOldGen       total 199680K, used 37303K [0x00000006c0a00000, 0x00000006ccd00000, 0x000000076ae00000)
  object space 199680K, 18% used [0x00000006c0a00000,0x00000006c2e6ddb0,0x00000006ccd00000)
 Metaspace       used 17708K, capacity 17888K, committed 18176K, reserved 1064960K
  class space    used 1631K, capacity 1688K, committed 1792K, reserved 1048576K
Event: 17.982 GC heap after
Heap after GC invocations=57 (full 1):
 PSYoungGen      total 88576K, used 128K [0x000000076ae00000, 0x0000000771100000, 0x00000007c0000000)
  eden space 88064K, 0% used [0x000000076ae00000,0x000000076ae00000,0x0000000770400000)
  from space 512K, 25% used [0x0000000771080000,0x00000007710a0000,0x0000000771100000)
  to   space 2048K, 0% used [0x0000000770d00000,0x0000000770d00000,0x0000000770f00000)
 ParOldGen       total 199680K, used 37303K [0x00000006c0a00000, 0x00000006ccd00000, 0x000000076ae00000)
  object space 199680K, 18% used [0x00000006c0a00000,0x00000006c2e6ddb0,0x00000006ccd00000)
 Metaspace       used 17708K, capacity 17888K, committed 18176K, reserved 1064960K
  class space    used 1631K, capacity 1688K, committed 1792K, reserved 1048576K
}
Event: 18.095 GC heap before
{Heap before GC invocations=58 (full 1):
 PSYoungGen      total 88576K, used 77122K [0x000000076ae00000, 0x0000000771100000, 0x00000007c0000000)
  eden space 88064K, 87% used [0x000000076ae00000,0x000000076f930930,0x0000000770400000)
  from space 512K, 25% used [0x0000000771080000,0x00000007710a0000,0x0000000771100000)
  to   space 2048K, 0% used [0x0000000770d00000,0x0000000770d00000,0x0000000770f00000)
 ParOldGen       total 199680K, used 37303K [0x00000006c0a00000, 0x00000006ccd00000, 0x000000076ae00000)
  object space 199680K, 18% used [0x00000006c0a00000,0x00000006c2e6ddb0,0x00000006ccd00000)
 Metaspace       used 17714K, capacity 17888K, committed 18176K, reserved 1064960K
  class space    used 1631K, capacity 1688K, committed 1792K, reserved 1048576K
Event: 18.096 GC heap after
Heap after GC invocations=58 (full 1):
 PSYoungGen      total 88064K, used 128K [0x000000076ae00000, 0x0000000771100000, 0x00000007c0000000)
  eden space 86016K, 0% used [0x000000076ae00000,0x000000076ae00000,0x0000000770200000)
  from space 2048K, 6% used [0x0000000770d00000,0x0000000770d20000,0x0000000770f00000)
  to   space 2048K, 0% used [0x0000000770f00000,0x0000000770f00000,0x0000000771100000)
 ParOldGen       total 199680K, used 37311K [0x00000006c0a00000, 0x00000006ccd00000, 0x000000076ae00000)
  object space 199680K, 18% used [0x00000006c0a00000,0x00000006c2e6fdb0,0x00000006ccd00000)
 Metaspace       used 17714K, capacity 17888K, committed 18176K, reserved 1064960K
  class space    used 1631K, capacity 1688K, committed 1792K, reserved 1048576K
}
Event: 18.202 GC heap before
{Heap before GC invocations=59 (full 1):
 PSYoungGen      total 88064K, used 77078K [0x000000076ae00000, 0x0000000771100000, 0x00000007c0000000)
  eden space 86016K, 89% used [0x000000076ae00000,0x000000076f925b88,0x0000000770200000)
  from space 2048K, 6% used [0x0000000770d00000,0x0000000770d20000,0x0000000770f00000)
  to   space 2048K, 0% used [0x0000000770f00000,0x0000000770f00000,0x0000000771100000)
 ParOldGen       total 199680K, used 37311K [0x00000006c0a00000, 0x00000006ccd00000, 0x000000076ae00000)
  object space 199680K, 18% used [0x00000006c0a00000,0x00000006c2e6fdb0,0x00000006ccd00000)
 Metaspace       used 17722K, capacity 17888K, committed 18176K, reserved 1064960K
  class space    used 1631K, capacity 1688K, committed 1792K, reserved 1048576K
Event: 18.203 GC heap after
Heap after GC invocations=59 (full 1):
 PSYoungGen      total 84480K, used 160K [0x000000076ae00000, 0x0000000770f80000, 0x00000007c0000000)
  eden space 83968K, 0% used [0x000000076ae00000,0x000000076ae00000,0x0000000770000000)
  from space 512K, 31% used [0x0000000770f00000,0x0000000770f28000,0x0000000770f80000)
  to   space 1536K, 0% used [0x0000000770c80000,0x0000000770c80000,0x0000000770e00000)
 ParOldGen       total 199680K, used 37327K [0x00000006c0a00000, 0x00000006ccd00000, 0x000000076ae00000)
  object space 199680K, 18% used [0x00000006c0a00000,0x00000006c2e73db0,0x00000006ccd00000)
 Metaspace       used 17722K, capacity 17888K, committed 18176K, reserved 1064960K
  class space    used 1631K, capacity 1688K, committed 1792K, reserved 1048576K
}

