# JRE version: Java(TM) SE Runtime Environment (8.0_111-b14) (build 1.8.0_111-b14)
# Java VM: Java HotSpot(TM) 64-Bit Server VM (25.111-b14 mixed mode windows-amd64 compressed oops)
Heap:
 PSYoungGen      total 130048K, used 129703K [0x000000076ae00000, 0x0000000781580000, 0x00000007c0000000)
  eden space 129536K, 99% used [0x000000076ae00000,0x0000000772c79d30,0x0000000772c80000)
  from space 512K, 37% used [0x0000000781500000,0x0000000781530000,0x0000000781580000)
  to   space 6656K, 0% used [0x0000000780880000,0x0000000780880000,0x0000000780f00000)
 ParOldGen       total 175104K, used 80418K [0x00000006c0a00000, 0x00000006cb500000, 0x000000076ae00000)
  object space 175104K, 45% used [0x00000006c0a00000,0x00000006c5888bf0,0x00000006cb500000)
 Metaspace       used 17744K, capacity 17952K, committed 18176K, reserved 1064960K
  class space    used 1627K, capacity 1688K, committed 1792K, reserved 1048576K
GC Heap History (10 events):
Event: 21.448 GC heap before
{Heap before GC invocations=38 (full 0):
 PSYoungGen      total 163328K, used 141135K [0x000000076ae00000, 0x0000000782e00000, 0x00000007c0000000)
  eden space 152576K, 92% used [0x000000076ae00000,0x00000007737abd20,0x0000000774300000)
  from space 10752K, 1% used [0x0000000781900000,0x0000000781928000,0x0000000782380000)
  to   space 10240K, 0% used [0x0000000782400000,0x0000000782400000,0x0000000782e00000)
 ParOldGen       total 175104K, used 80370K [0x00000006c0a00000, 0x00000006cb500000, 0x000000076ae00000)
  object space 175104K, 45% used [0x00000006c0a00000,0x00000006c587cbf0,0x00000006cb500000)
 Metaspace       used 17744K, capacity 17952K, committed 18176K, reserved 1064960K
  class space    used 1627K, capacity 1688K, committed 1792K, reserved 1048576K
Event: 21.450 GC heap after
Heap after GC invocations=38 (full 0):
 PSYoungGen      total 147968K, used 160K [0x000000076ae00000, 0x0000000782480000, 0x00000007c0000000)
  eden space 147456K, 0% used [0x000000076ae00000,0x000000076ae00000,0x0000000773e00000)
  from space 512K, 31% used [0x0000000782400000,0x0000000782428000,0x0000000782480000)
  to   space 9216K, 0% used [0x0000000781280000,0x0000000781280000,0x0000000781b80000)
 ParOldGen       total 175104K, used 80394K [0x00000006c0a00000, 0x00000006cb500000, 0x000000076ae00000)
  object space 175104K, 45% used [0x00000006c0a00000,0x00000006c5882bf0,0x00000006cb500000)
 Metaspace       used 17744K, capacity 17952K, committed 18176K, reserved 1064960K
  class space    used 1627K, capacity 1688K, committed 1792K, reserved 1048576K
}
Event: 21.624 GC heap before
{Heap before GC invocations=39 (full 0):
 PSYoungGen      total 147968K, used 141038K [0x000000076ae00000, 0x0000000782480000, 0x00000007c0000000)
  eden space 147456K, 95% used [0x000000076ae00000,0x0000000773793840,0x0000000773e00000)
  from space 512K, 31% used [0x0000000782400000,0x0000000782428000,0x0000000782480000)
  to   space 9216K, 0% used [0x0000000781280000,0x0000000781280000,0x0000000781b80000)
 ParOldGen       total 175104K, used 80394K [0x00000006c0a00000, 0x00000006cb500000, 0x000000076ae00000)
  object space 175104K, 45% used [0x00000006c0a00000,0x00000006c5882bf0,0x00000006cb500000)
 Metaspace       used 17744K, capacity 17952K, committed 18176K, reserved 1064960K
  class space    used 1627K, capacity 1688K, committed 1792K, reserved 1048576K
Event: 21.625 GC heap after
Heap after GC invocations=39 (full 0):
 PSYoungGen      total 152064K, used 160K [0x000000076ae00000, 0x0000000782480000, 0x00000007c0000000)
  eden space 142848K, 0% used [0x000000076ae00000,0x000000076ae00000,0x0000000773980000)
  from space 9216K, 1% used [0x0000000781280000,0x00000007812a8000,0x0000000781b80000)
  to   space 8704K, 0% used [0x0000000781c00000,0x0000000781c00000,0x0000000782480000)
 ParOldGen       total 175104K, used 80394K [0x00000006c0a00000, 0x00000006cb500000, 0x000000076ae00000)
  object space 175104K, 45% used [0x00000006c0a00000,0x00000006c5882bf0,0x00000006cb500000)
 Metaspace       used 17744K, capacity 17952K, committed 18176K, reserved 1064960K
  class space    used 1627K, capacity 1688K, committed 1792K, reserved 1048576K
}
Event: 21.791 GC heap before
{Heap before GC invocations=40 (full 0):
 PSYoungGen      total 152064K, used 140949K [0x000000076ae00000, 0x0000000782480000, 0x00000007c0000000)
  eden space 142848K, 98% used [0x000000076ae00000,0x000000077377d768,0x0000000773980000)
  from space 9216K, 1% used [0x0000000781280000,0x00000007812a8000,0x0000000781b80000)
  to   space 8704K, 0% used [0x0000000781c00000,0x0000000781c00000,0x0000000782480000)
 ParOldGen       total 175104K, used 80394K [0x00000006c0a00000, 0x00000006cb500000, 0x000000076ae00000)
  object space 175104K, 45% used [0x00000006c0a00000,0x00000006c5882bf0,0x00000006cb500000)
 Metaspace       used 17744K, capacity 17952K, committed 18176K, reserved 1064960K
  class space    used 1627K, capacity 1688K, committed 1792K, reserved 1048576K
Event: 21.792 GC heap after
Heap after GC invocations=40 (full 0):
 PSYoungGen      total 138752K, used 192K [0x000000076ae00000, 0x0000000781c80000, 0x00000007c0000000)
  eden space 138240K, 0% used [0x000000076ae00000,0x000000076ae00000,0x0000000773500000)
  from space 512K, 37% used [0x0000000781c00000,0x0000000781c30000,0x0000000781c80000)
  to   space 8192K, 0% used [0x0000000780c80000,0x0000000780c80000,0x0000000781480000)
 ParOldGen       total 175104K, used 80402K [0x00000006c0a00000, 0x00000006cb500000, 0x000000076ae00000)
  object space 175104K, 45% used [0x00000006c0a00000,0x00000006c5884bf0,0x00000006cb500000)
 Metaspace       used 17744K, capacity 17952K, committed 18176K, reserved 1064960K
  class space    used 1627K, capacity 1688K, committed 1792K, reserved 1048576K
}
Event: 21.947 GC heap before
{Heap before GC invocations=41 (full 0):
 PSYoungGen      total 138752K, used 128344K [0x000000076ae00000, 0x0000000781c80000, 0x00000007c0000000)
  eden space 138240K, 92% used [0x000000076ae00000,0x0000000772b26098,0x0000000773500000)
  from space 512K, 37% used [0x0000000781c00000,0x0000000781c30000,0x0000000781c80000)
  to   space 8192K, 0% used [0x0000000780c80000,0x0000000780c80000,0x0000000781480000)
 ParOldGen       total 175104K, used 80402K [0x00000006c0a00000, 0x00000006cb500000, 0x000000076ae00000)
  object space 175104K, 45% used [0x00000006c0a00000,0x00000006c5884bf0,0x00000006cb500000)
 Metaspace       used 17744K, capacity 17952K, committed 18176K, reserved 1064960K
  class space    used 1627K, capacity 1688K, committed 1792K, reserved 1048576K
Event: 21.948 GC heap after
Heap after GC invocations=41 (full 0):
 PSYoungGen      total 141824K, used 160K [0x000000076ae00000, 0x0000000781c80000, 0x00000007c0000000)
  eden space 133632K, 0% used [0x000000076ae00000,0x000000076ae00000,0x0000000773080000)
  from space 8192K, 1% used [0x0000000780c80000,0x0000000780ca8000,0x0000000781480000)
  to   space 7680K, 0% used [0x0000000781500000,0x0000000781500000,0x0000000781c80000)
 ParOldGen       total 175104K, used 80402K [0x00000006c0a00000, 0x00000006cb500000, 0x000000076ae00000)
  object space 175104K, 45% used [0x00000006c0a00000,0x00000006c5884bf0,0x00000006cb500000)
 Metaspace       used 17744K, capacity 17952K, committed 18176K, reserved 1064960K
  class space    used 1627K, capacity 1688K, committed 1792K, reserved 1048576K
}
Event: 22.096 GC heap before
{Heap before GC invocations=42 (full 0):
 PSYoungGen      total 141824K, used 128219K [0x000000076ae00000, 0x0000000781c80000, 0x00000007c0000000)
  eden space 133632K, 95% used [0x000000076ae00000,0x0000000772b0ec78,0x0000000773080000)
  from space 8192K, 1% used [0x0000000780c80000,0x0000000780ca8000,0x0000000781480000)
  to   space 7680K, 0% used [0x0000000781500000,0x0000000781500000,0x0000000781c80000)
 ParOldGen       total 175104K, used 80402K [0x00000006c0a00000, 0x00000006cb500000, 0x000000076ae00000)
  object space 175104K, 45% used [0x00000006c0a00000,0x00000006c5884bf0,0x00000006cb500000)
 Metaspace       used 17744K, capacity 17952K, committed 18176K, reserved 1064960K
  class space    used 1627K, capacity 1688K, committed 1792K, reserved 1048576K
Event: 22.098 GC heap after
Heap after GC invocations=42 (full 0):
 PSYoungGen      total 130048K, used 192K [0x000000076ae00000, 0x0000000781580000, 0x00000007c0000000)
  eden space 129536K, 0% used [0x000000076ae00000,0x000000076ae00000,0x0000000772c80000)
  from space 512K, 37% used [0x0000000781500000,0x0000000781530000,0x0000000781580000)
  to   space 6656K, 0% used [0x0000000780880000,0x0000000780880000,0x0000000780f00000)
 ParOldGen       total 175104K, used 80418K [0x00000006c0a00000, 0x00000006cb500000, 0x000000076ae00000)
  object space 175104K, 45% used [0x00000006c0a00000,0x00000006c5888bf0,0x00000006cb500000)
 Metaspace       used 17744K, capacity 17952K, committed 18176K, reserved 1064960K
  class space    used 1627K, capacity 1688K, committed 1792K, reserved 1048576K
}

