# JRE version: Java(TM) SE Runtime Environment (8.0_111-b14) (build 1.8.0_111-b14)
# Java VM: Java HotSpot(TM) 64-Bit Server VM (25.111-b14 mixed mode windows-amd64 compressed oops)
Heap:
 PSYoungGen      total 98816K, used 28176K [0x000000076ae00000, 0x0000000772480000, 0x00000007c0000000)
  eden space 98304K, 28% used [0x000000076ae00000,0x000000076c954128,0x0000000770e00000)
  from space 512K, 37% used [0x0000000772380000,0x00000007723b0000,0x0000000772400000)
  to   space 512K, 0% used [0x0000000772400000,0x0000000772400000,0x0000000772480000)
 ParOldGen       total 175104K, used 81284K [0x00000006c0a00000, 0x00000006cb500000, 0x000000076ae00000)
  object space 175104K, 46% used [0x00000006c0a00000,0x00000006c5961010,0x00000006cb500000)
 Metaspace       used 17757K, capacity 17952K, committed 18176K, reserved 1064960K
  class space    used 1627K, capacity 1688K, committed 1792K, reserved 1048576K
GC Heap History (10 events):
Event: 33.744 GC heap before
{Heap before GC invocations=117 (full 0):
 PSYoungGen      total 113664K, used 102763K [0x000000076ae00000, 0x0000000772480000, 0x00000007c0000000)
  eden space 113152K, 90% used [0x000000076ae00000,0x000000077122ac38,0x0000000771c80000)
  from space 512K, 37% used [0x0000000772400000,0x0000000772430000,0x0000000772480000)
  to   space 512K, 0% used [0x0000000772380000,0x0000000772380000,0x0000000772400000)
 ParOldGen       total 175104K, used 81252K [0x00000006c0a00000, 0x00000006cb500000, 0x000000076ae00000)
  object space 175104K, 46% used [0x00000006c0a00000,0x00000006c5959010,0x00000006cb500000)
 Metaspace       used 17756K, capacity 17952K, committed 18176K, reserved 1064960K
  class space    used 1627K, capacity 1688K, committed 1792K, reserved 1048576K
Event: 33.745 GC heap after
Heap after GC invocations=117 (full 0):
 PSYoungGen      total 110592K, used 128K [0x000000076ae00000, 0x0000000772480000, 0x00000007c0000000)
  eden space 110080K, 0% used [0x000000076ae00000,0x000000076ae00000,0x0000000771980000)
  from space 512K, 25% used [0x0000000772380000,0x00000007723a0000,0x0000000772400000)
  to   space 512K, 0% used [0x0000000772400000,0x0000000772400000,0x0000000772480000)
 ParOldGen       total 175104K, used 81268K [0x00000006c0a00000, 0x00000006cb500000, 0x000000076ae00000)
  object space 175104K, 46% used [0x00000006c0a00000,0x00000006c595d010,0x00000006cb500000)
 Metaspace       used 17756K, capacity 17952K, committed 18176K, reserved 1064960K
  class space    used 1627K, capacity 1688K, committed 1792K, reserved 1048576K
}
Event: 33.876 GC heap before
{Heap before GC invocations=118 (full 0):
 PSYoungGen      total 110592K, used 102640K [0x000000076ae00000, 0x0000000772480000, 0x00000007c0000000)
  eden space 110080K, 93% used [0x000000076ae00000,0x000000077121c148,0x0000000771980000)
  from space 512K, 25% used [0x0000000772380000,0x00000007723a0000,0x0000000772400000)
  to   space 512K, 0% used [0x0000000772400000,0x0000000772400000,0x0000000772480000)
 ParOldGen       total 175104K, used 81268K [0x00000006c0a00000, 0x00000006cb500000, 0x000000076ae00000)
  object space 175104K, 46% used [0x00000006c0a00000,0x00000006c595d010,0x00000006cb500000)
 Metaspace       used 17756K, capacity 17952K, committed 18176K, reserved 1064960K
  class space    used 1627K, capacity 1688K, committed 1792K, reserved 1048576K
Event: 33.877 GC heap after
Heap after GC invocations=118 (full 0):
 PSYoungGen      total 107520K, used 96K [0x000000076ae00000, 0x0000000772480000, 0x00000007c0000000)
  eden space 107008K, 0% used [0x000000076ae00000,0x000000076ae00000,0x0000000771680000)
  from space 512K, 18% used [0x0000000772400000,0x0000000772418000,0x0000000772480000)
  to   space 512K, 0% used [0x0000000772380000,0x0000000772380000,0x0000000772400000)
 ParOldGen       total 175104K, used 81268K [0x00000006c0a00000, 0x00000006cb500000, 0x000000076ae00000)
  object space 175104K, 46% used [0x00000006c0a00000,0x00000006c595d010,0x00000006cb500000)
 Metaspace       used 17756K, capacity 17952K, committed 18176K, reserved 1064960K
  class space    used 1627K, capacity 1688K, committed 1792K, reserved 1048576K
}
Event: 34.011 GC heap before
{Heap before GC invocations=119 (full 0):
 PSYoungGen      total 107520K, used 102546K [0x000000076ae00000, 0x0000000772480000, 0x00000007c0000000)
  eden space 107008K, 95% used [0x000000076ae00000,0x000000077120c898,0x0000000771680000)
  from space 512K, 18% used [0x0000000772400000,0x0000000772418000,0x0000000772480000)
  to   space 512K, 0% used [0x0000000772380000,0x0000000772380000,0x0000000772400000)
 ParOldGen       total 175104K, used 81268K [0x00000006c0a00000, 0x00000006cb500000, 0x000000076ae00000)
  object space 175104K, 46% used [0x00000006c0a00000,0x00000006c595d010,0x00000006cb500000)
 Metaspace       used 17756K, capacity 17952K, committed 18176K, reserved 1064960K
  class space    used 1627K, capacity 1688K, committed 1792K, reserved 1048576K
Event: 34.011 GC heap after
Heap after GC invocations=119 (full 0):
 PSYoungGen      total 104448K, used 128K [0x000000076ae00000, 0x0000000772480000, 0x00000007c0000000)
  eden space 103936K, 0% used [0x000000076ae00000,0x000000076ae00000,0x0000000771380000)
  from space 512K, 25% used [0x0000000772380000,0x00000007723a0000,0x0000000772400000)
  to   space 512K, 0% used [0x0000000772400000,0x0000000772400000,0x0000000772480000)
 ParOldGen       total 175104K, used 81268K [0x00000006c0a00000, 0x00000006cb500000, 0x000000076ae00000)
  object space 175104K, 46% used [0x00000006c0a00000,0x00000006c595d010,0x00000006cb500000)
 Metaspace       used 17756K, capacity 17952K, committed 18176K, reserved 1064960K
  class space    used 1627K, capacity 1688K, committed 1792K, reserved 1048576K
}
Event: 34.138 GC heap before
{Heap before GC invocations=120 (full 0):
 PSYoungGen      total 104448K, used 102516K [0x000000076ae00000, 0x0000000772480000, 0x00000007c0000000)
  eden space 103936K, 98% used [0x000000076ae00000,0x00000007711fd1a0,0x0000000771380000)
  from space 512K, 25% used [0x0000000772380000,0x00000007723a0000,0x0000000772400000)
  to   space 512K, 0% used [0x0000000772400000,0x0000000772400000,0x0000000772480000)
 ParOldGen       total 175104K, used 81268K [0x00000006c0a00000, 0x00000006cb500000, 0x000000076ae00000)
  object space 175104K, 46% used [0x00000006c0a00000,0x00000006c595d010,0x00000006cb500000)
 Metaspace       used 17756K, capacity 17952K, committed 18176K, reserved 1064960K
  class space    used 1627K, capacity 1688K, committed 1792K, reserved 1048576K
Event: 34.139 GC heap after
Heap after GC invocations=120 (full 0):
 PSYoungGen      total 101376K, used 160K [0x000000076ae00000, 0x0000000772480000, 0x00000007c0000000)
  eden space 100864K, 0% used [0x000000076ae00000,0x000000076ae00000,0x0000000771080000)
  from space 512K, 31% used [0x0000000772400000,0x0000000772428000,0x0000000772480000)
  to   space 512K, 0% used [0x0000000772380000,0x0000000772380000,0x0000000772400000)
 ParOldGen       total 175104K, used 81284K [0x00000006c0a00000, 0x00000006cb500000, 0x000000076ae00000)
  object space 175104K, 46% used [0x00000006c0a00000,0x00000006c5961010,0x00000006cb500000)
 Metaspace       used 17756K, capacity 17952K, committed 18176K, reserved 1064960K
  class space    used 1627K, capacity 1688K, committed 1792K, reserved 1048576K
}
Event: 34.266 GC heap before
{Heap before GC invocations=121 (full 0):
 PSYoungGen      total 101376K, used 90474K [0x000000076ae00000, 0x0000000772480000, 0x00000007c0000000)
  eden space 100864K, 89% used [0x000000076ae00000,0x0000000770632bd8,0x0000000771080000)
  from space 512K, 31% used [0x0000000772400000,0x0000000772428000,0x0000000772480000)
  to   space 512K, 0% used [0x0000000772380000,0x0000000772380000,0x0000000772400000)
 ParOldGen       total 175104K, used 81284K [0x00000006c0a00000, 0x00000006cb500000, 0x000000076ae00000)
  object space 175104K, 46% used [0x00000006c0a00000,0x00000006c5961010,0x00000006cb500000)
 Metaspace       used 17757K, capacity 17952K, committed 18176K, reserved 1064960K
  class space    used 1627K, capacity 1688K, committed 1792K, reserved 1048576K
Event: 34.266 GC heap after
Heap after GC invocations=121 (full 0):
 PSYoungGen      total 98816K, used 192K [0x000000076ae00000, 0x0000000772480000, 0x00000007c0000000)
  eden space 98304K, 0% used [0x000000076ae00000,0x000000076ae00000,0x0000000770e00000)
  from space 512K, 37% used [0x0000000772380000,0x00000007723b0000,0x0000000772400000)
  to   space 512K, 0% used [0x0000000772400000,0x0000000772400000,0x0000000772480000)
 ParOldGen       total 175104K, used 81284K [0x00000006c0a00000, 0x00000006cb500000, 0x000000076ae00000)
  object space 175104K, 46% used [0x00000006c0a00000,0x00000006c5961010,0x00000006cb500000)
 Metaspace       used 17757K, capacity 17952K, committed 18176K, reserved 1064960K
  class space    used 1627K, capacity 1688K, committed 1792K, reserved 1048576K
}

